app/build/intermediates/manifest_merge_blame_file/debug/manifest-merger-blame-debug-report.txt
1<?xml version="1.0" encoding="utf-8"?>
2<manifest xmlns:android="http://schemas.android.com/apk/res/android"
3    package="com.sqisland.android.espresso.cat_names"
4    android:versionCode="1"
5    android:versionName="1.0.0" >
6
7    <uses-sdk
8        android:minSdkVersion="17"
8-->src/main/AndroidManifest.xml
9        android:targetSdkVersion="29" />
9-->src/main/AndroidManifest.xml
10
11    <application
11-->src/main/AndroidManifest.xml:4:3-20:17
12        android:allowBackup="false"
12-->src/main/AndroidManifest.xml:8:7-34
13        android:appComponentFactory="androidx.core.app.CoreComponentFactory"
13-->[androidx.core:core:1.1.0] AndroidManifest.xml:24:18-86
14        android:debuggable="true"
15        android:icon="@mipmap/ic_launcher"
15-->src/main/AndroidManifest.xml:6:7-41
16        android:label="@string/app_name"
16-->src/main/AndroidManifest.xml:5:7-39
17        android:testOnly="true"
18        android:theme="@style/AppTheme" >
18-->src/main/AndroidManifest.xml:7:7-38
19        <activity
19-->src/main/AndroidManifest.xml:9:5-16:16
20            android:name="com.sqisland.android.espresso.cat_names.MainActivity"
20-->src/main/AndroidManifest.xml:10:9-37
21            android:label="@string/app_name" >
21-->src/main/AndroidManifest.xml:11:9-41
22            <intent-filter>
22-->src/main/AndroidManifest.xml:12:7-15:23
23                <action android:name="android.intent.action.MAIN" />
23-->src/main/AndroidManifest.xml:13:9-60
23-->src/main/AndroidManifest.xml:13:17-58
24
25                <category android:name="android.intent.category.LAUNCHER" />
25-->src/main/AndroidManifest.xml:14:9-68
25-->src/main/AndroidManifest.xml:14:19-66
26            </intent-filter>
27        </activity>
28        <activity
28-->src/main/AndroidManifest.xml:17:5-19:46
29            android:name="com.sqisland.android.espresso.cat_names.IdeasActivity"
29-->src/main/AndroidManifest.xml:18:9-38
30            android:label="@string/title_ideas" />
30-->src/main/AndroidManifest.xml:19:9-44
31    </application>
32
33</manifest>